ARM GAS  /tmp/ccQ6NEsR.s 			page 1


   1              		.cpu cortex-m7
   2              		.eabi_attribute 27, 1
   3              		.eabi_attribute 28, 1
   4              		.eabi_attribute 20, 1
   5              		.eabi_attribute 21, 1
   6              		.eabi_attribute 23, 3
   7              		.eabi_attribute 24, 1
   8              		.eabi_attribute 25, 1
   9              		.eabi_attribute 26, 1
  10              		.eabi_attribute 30, 2
  11              		.eabi_attribute 34, 1
  12              		.eabi_attribute 18, 4
  13              		.file	"ip.c"
  14              		.text
  15              	.Ltext0:
  16              		.cfi_sections	.debug_frame
  17              		.comm	ip_data,24,4
  18              	.Letext0:
  19              		.file 1 "/usr/arm-none-eabi/include/machine/_default_types.h"
  20              		.file 2 "/usr/arm-none-eabi/include/sys/lock.h"
  21              		.file 3 "/usr/arm-none-eabi/include/sys/_types.h"
  22              		.file 4 "/usr/lib/gcc/arm-none-eabi/9.2.0/include/stddef.h"
  23              		.file 5 "/usr/arm-none-eabi/include/sys/reent.h"
  24              		.file 6 "/usr/arm-none-eabi/include/stdlib.h"
  25              		.file 7 "/usr/arm-none-eabi/include/sys/_stdint.h"
  26              		.file 8 "lwIP/src/include/lwip/arch.h"
  27              		.file 9 "/usr/arm-none-eabi/include/ctype.h"
  28              		.file 10 "lwIP/src/include/lwip/ip4_addr.h"
  29              		.file 11 "lwIP/src/include/lwip/ip_addr.h"
  30              		.file 12 "lwIP/src/include/lwip/err.h"
  31              		.file 13 "lwIP/src/include/lwip/pbuf.h"
  32              		.file 14 "lwIP/src/include/lwip/priv/memp_priv.h"
  33              		.file 15 "lwIP/src/include/lwip/memp.h"
  34              		.file 16 "lwIP/src/include/lwip/netif.h"
  35              		.file 17 "lwIP/src/include/lwip/prot/ip4.h"
  36              		.file 18 "lwIP/src/include/lwip/ip.h"
  37              		.file 19 "lwIP/src/core/ip.c"
ARM GAS  /tmp/ccQ6NEsR.s 			page 2


DEFINED SYMBOLS
                            *ABS*:0000000000000000 ip.c
                            *COM*:0000000000000018 ip_data

NO UNDEFINED SYMBOLS
